<?xml version="1.0" encoding="UTF-8"?>
<!-- Generated by org.testng.reporters.JUnitReportReporter -->
<testsuite hostname="DESKTOP-V3BN9VN" failures="0" tests="1" name="Programs.PerformAddInCalculator" time="26.467" errors="0" timestamp="2022-07-07T15:50:51 IST" skipped="0">
  <testcase classname="Programs.PerformAddInCalculator" name="performAddition" time="26.467"/>
  <system-out/>
</testsuite> <!-- Programs.PerformAddInCalculator -->
