<?xml version="1.0" encoding="UTF-8"?>
<!-- Generated by org.testng.reporters.JUnitReportReporter -->
<testsuite hostname="DESKTOP-V3BN9VN" failures="0" tests="1" name="Programs.InstallGeneralStore" time="20.856" errors="0" timestamp="2022-07-05T12:21:42 IST" skipped="0">
  <testcase classname="Programs.InstallGeneralStore" name="installGeneralStore" time="20.856"/>
  <system-out/>
</testsuite> <!-- Programs.InstallGeneralStore -->
