<?xml version="1.0" encoding="UTF-8"?>
<!-- Generated by org.testng.reporters.JUnitReportReporter -->
<testsuite hostname="DESKTOP-V3BN9VN" failures="0" tests="1" name="Programs.UninstallGeneralStore" time="0.013" errors="0" timestamp="2022-07-07T15:49:22 IST" skipped="0">
  <testcase classname="Programs.UninstallGeneralStore" name="unistallGeneralStore" time="0.013"/>
  <system-out/>
</testsuite> <!-- Programs.UninstallGeneralStore -->
