<?xml version="1.0" encoding="UTF-8"?>
<!-- Generated by org.testng.reporters.JUnitReportReporter -->
<testsuite hostname="DESKTOP-V3BN9VN" failures="0" tests="1" name="Programs.InstallTouchScreen" time="17.514" errors="0" timestamp="2022-07-05T12:20:51 IST" skipped="0">
  <testcase classname="Programs.InstallTouchScreen" name="installTouchScreen" time="17.514"/>
  <system-out/>
</testsuite> <!-- Programs.InstallTouchScreen -->
