<?xml version="1.0" encoding="UTF-8"?>
<!-- Generated by org.testng.reporters.JUnitReportReporter -->
<testsuite hostname="DESKTOP-V3BN9VN" failures="0" tests="1" name="Programs.LaunchApiDemos" time="14.178" errors="0" timestamp="2022-07-05T11:26:05 IST" skipped="0">
  <testcase classname="Programs.LaunchApiDemos" name="apiDemos" time="14.178"/>
  <system-out/>
</testsuite> <!-- Programs.LaunchApiDemos -->
