<?xml version="1.0" encoding="UTF-8"?>
<!-- Generated by org.testng.reporters.JUnitReportReporter -->
<testsuite hostname="DESKTOP-V3BN9VN" failures="0" tests="1" name="Programs.LaunchTouchScreen" time="13.937" errors="0" timestamp="2022-07-05T10:56:39 IST" skipped="0">
  <testcase classname="Programs.LaunchTouchScreen" name="touchScreen" time="13.937"/>
  <system-out/>
</testsuite> <!-- Programs.LaunchTouchScreen -->
