<?xml version="1.0" encoding="UTF-8"?>
<!-- Generated by org.testng.reporters.JUnitReportReporter -->
<testsuite hostname="DESKTOP-V3BN9VN" failures="0" tests="1" name="Programs.LaunchGeneralStore" time="8.593" errors="0" timestamp="2022-07-05T11:00:11 IST" skipped="0">
  <testcase classname="Programs.LaunchGeneralStore" name="genearalStore" time="8.593"/>
  <system-out/>
</testsuite> <!-- Programs.LaunchGeneralStore -->
